<?xml version="1.0" encoding="UTF-8"?>
<!-- Generated by org.testng.reporters.JUnitReportReporter -->
<testsuite skipped="0" hostname="LAPTOP-9738CE5M" name="GetJiraAPI.HttpClientJiraAPI" tests="1" failures="0" timestamp="2020-09-01T13:29:16 GMT+08:00" time="2.405" errors="0">
  <testcase name="getUserTest" time="2.405" classname="GetJiraAPI.HttpClientJiraAPI"/>
</testsuite> <!-- GetJiraAPI.HttpClientJiraAPI -->
