<?xml version="1.0" encoding="UTF-8"?>
<!-- Generated by org.testng.reporters.JUnitReportReporter -->
<testsuite skipped="0" hostname="LAPTOP-9738CE5M" name="GetJiraAPI.GETBDDAPI" tests="1" failures="0" timestamp="2020-09-01T13:28:02 GMT+08:00" time="3.988" errors="0">
  <testcase name="getjiraAPI" time="3.988" classname="GetJiraAPI.GETBDDAPI"/>
</testsuite> <!-- GetJiraAPI.GETBDDAPI -->
