<?xml version="1.0" encoding="UTF-8"?>
<!-- Generated by org.testng.reporters.JUnitReportReporter -->
<testsuite skipped="0" hostname="LAPTOP-9738CE5M" name="GetJiraAPI.ExecuteJiraStatus" tests="1" failures="0" timestamp="2020-09-06T13:45:10 GMT+08:00" time="10.268" errors="0">
  <testcase name="UpdateExecutionStatus" time="10.268" classname="GetJiraAPI.ExecuteJiraStatus"/>
</testsuite> <!-- GetJiraAPI.ExecuteJiraStatus -->
